#
# There is insufficient memory for the Java Runtime Environment to continue.
# Cannot create worker GC thread. Out of system resources.
# Possible reasons:
#   The system is out of physical RAM or swap space
#   This process is running with CompressedOops enabled, and the Java Heap may be blocking the growth of the native heap
# Possible solutions:
#   Reduce memory load on the system
#   Increase physical memory or swap space
#   Check if swap backing store is full
#   Decrease Java heap size (-Xmx/-Xms)
#   Decrease number of Java threads
#   Decrease Java thread stack sizes (-Xss)
#   Set larger code cache with -XX:ReservedCodeCacheSize=
#   JVM is running with Zero Based Compressed Oops mode in which the Java heap is
#     placed in the first 32GB address space. The Java Heap base address is the
#     maximum limit for the native heap growth. Please use -XX:HeapBaseMinAddress
#     to set the Java Heap base and to place the Java Heap above 32GB virtual address.
# This output file may be truncated or incomplete.
#
#  Out of Memory Error (workerManager.hpp:87), pid=2521208, tid=2521209
#
# JRE version:  (17.0.18+8) (build )
# Java VM: OpenJDK 64-Bit Server VM (17.0.18+8-Debian-1deb12u1, mixed mode, sharing, tiered, compressed oops, compressed class ptrs, g1 gc, linux-amd64)
# No core dump will be written. Core dumps have been disabled. To enable core dumping, try "ulimit -c unlimited" before starting Java again
#

---------------  S U M M A R Y ------------

Command Line: java-cup-0.11b.jar -parser parser -symbols sym grammar/parser.cup

Host: Intel(R) Xeon(R) Silver 4114 CPU @ 2.20GHz, 4 cores, 31G, Debian GNU/Linux 12 (bookworm)
Time: Sun Mar 15 21:49:45 2026 EDT elapsed time: 0.222055 seconds (0d 0h 0m 0s)

---------------  T H R E A D  ---------------

Current thread (0x00007f722001b020):  JavaThread "Unknown thread" [_thread_in_vm, id=2521209, stack(0x00007f7224500000,0x00007f7224600000)]

Stack: [0x00007f7224500000,0x00007f7224600000],  sp=0x00007f72245fe6b0,  free space=1017k
Native frames: (J=compiled Java code, j=interpreted, Vv=VM code, C=native code)
V  [libjvm.so+0xf20581]  VMError::report_and_die(int, char const*, char const*, __va_list_tag*, Thread*, unsigned char*, void*, void*, char const*, int, unsigned long)+0x171
V  [libjvm.so+0xf210ed]  VMError::report_and_die(Thread*, char const*, int, unsigned long, VMErrorType, char const*, __va_list_tag*)+0x2d
V  [libjvm.so+0x60313c]  report_vm_out_of_memory(char const*, int, unsigned long, VMErrorType, char const*, ...)+0xdc
V  [libjvm.so+0xf54ea9]  WorkerManager::add_workers(WorkGang*, unsigned int, unsigned int, unsigned int, os::ThreadType, bool)+0x1a9
V  [libjvm.so+0xf55069]  WorkGang::initialize_workers()+0x49
V  [libjvm.so+0x6ebfe9]  G1CollectedHeap::initialize()+0x649
V  [libjvm.so+0xecea35]  universe_init()+0xd5
V  [libjvm.so+0x7fcad6]  init_globals()+0x36
V  [libjvm.so+0xea51f9]  Threads::create_vm(JavaVMInitArgs*, bool*)+0x2f9
V  [libjvm.so+0x8bee6f]  JNI_CreateJavaVM+0x4f
C  [libjli.so+0x389f]  JavaMain+0x8f
C  [libjli.so+0x7b49]  ThreadJavaMain+0x9


---------------  P R O C E S S  ---------------

Threads class SMR info:
_java_thread_list=0x00007f72259614e0, length=0, elements={
}

Java Threads: ( => current thread )

Other Threads:

[error occurred during error reporting (printing all threads), id 0xb, SIGSEGV (0xb) at pc=0x00007f7224cf83b0]

VM state: not at safepoint (not fully initialized)

VM Mutex/Monitor currently owned by a thread:  ([mutex/lock_event])
[0x00007f7220015fa0] Heap_lock - owner thread: 0x00007f722001b020

Heap address: 0x000000060a400000, size: 8028 MB, Compressed Oops mode: Zero based, Oop shift amount: 3

CDS archive(s) mapped at: [0x0000000000000000-0x0000000000000000-0x0000000000000000), size 0, SharedBaseAddress: 0x0000000800000000, ArchiveRelocationMode: 1.
Narrow klass base: 0x0000000000000000, Narrow klass shift: 0, Narrow klass range: 0x0

GC Precious Log:
<Empty>

Heap:
 garbage-first heap   total 0K, used 0K [0x000000060a400000, 0x0000000800000000)
  region size 4096K, 0 young (0K), 0 survivors (0K)

[error occurred during error reporting (printing heap information), id 0xb, SIGSEGV (0xb) at pc=0x00007f72252d27ba]

GC Heap History (0 events):
No events

Dll operation events (1 events):
Event: 0.094 Loaded shared library /usr/lib/jvm/java-17-openjdk-amd64/lib/libjava.so

Deoptimization events (0 events):
No events

Classes loaded (0 events):
No events

Classes unloaded (0 events):
No events

Classes redefined (0 events):
No events

Internal exceptions (0 events):
No events

VM Operations (0 events):
No events

Memory protections (1 events):
Event: 0.092 Protecting memory [0x00007f7224500000,0x00007f7224504000] with protection modes 0

Nmethod flushes (0 events):
No events

Events (0 events):
No events


Dynamic libraries:
60a400000-800000000 ---p 00000000 00:00 0 
55d5c40dc000-55d5c40dd000 r--p 00000000 08:01 1177579                    /usr/lib/jvm/java-17-openjdk-amd64/bin/java
55d5c40dd000-55d5c40de000 r-xp 00001000 08:01 1177579                    /usr/lib/jvm/java-17-openjdk-amd64/bin/java
55d5c40de000-55d5c40df000 r--p 00002000 08:01 1177579                    /usr/lib/jvm/java-17-openjdk-amd64/bin/java
55d5c40df000-55d5c40e0000 r--p 00002000 08:01 1177579                    /usr/lib/jvm/java-17-openjdk-amd64/bin/java
55d5c40e0000-55d5c40e1000 rw-p 00003000 08:01 1177579                    /usr/lib/jvm/java-17-openjdk-amd64/bin/java
55d5dcc92000-55d5dccd9000 rw-p 00000000 00:00 0                          [heap]
7f71f58b0000-7f71f5c91000 rw-p 00000000 00:00 0 
7f71f5c91000-7f71f5c92000 ---p 00000000 00:00 0 
7f71f5c92000-7f71f5e14000 rw-p 00000000 00:00 0 
7f71f5e14000-7f72087fe000 ---p 00000000 00:00 0 
7f72087fe000-7f7208a00000 rw-p 00000000 00:00 0 
7f7208a00000-7f7208c70000 rwxp 00000000 00:00 0 
7f7208c70000-7f720ff37000 ---p 00000000 00:00 0 
7f720ff37000-7f72101a7000 rwxp 00000000 00:00 0 
7f72101a7000-7f72104c8000 ---p 00000000 00:00 0 
7f72104c8000-7f7210738000 rwxp 00000000 00:00 0 
7f7210738000-7f7217a00000 ---p 00000000 00:00 0 
7f7217a00000-7f72182d4000 r--s 00000000 08:01 395290                     /var/lib/sss/mc/passwd
7f72182ff000-7f7218400000 rw-p 00000000 00:00 0 
7f7218400000-7f721fed3000 r--s 00000000 08:01 1212686                    /usr/lib/jvm/java-17-openjdk-amd64/lib/modules
7f721feff000-7f7220000000 rw-p 00000000 00:00 0 
7f7220000000-7f7220054000 rw-p 00000000 00:00 0 
7f7220054000-7f7224000000 ---p 00000000 00:00 0 
7f722402a000-7f722402f000 rw-p 00000000 00:00 0 
7f722402f000-7f7224115000 ---p 00000000 00:00 0 
7f7224115000-7f722411a000 rw-p 00000000 00:00 0 
7f722411a000-7f7224200000 ---p 00000000 00:00 0 
7f7224200000-7f7224299000 r--p 00000000 08:01 1178459                    /usr/lib/x86_64-linux-gnu/libstdc++.so.6.0.30
7f7224299000-7f722439a000 r-xp 00099000 08:01 1178459                    /usr/lib/x86_64-linux-gnu/libstdc++.so.6.0.30
7f722439a000-7f7224409000 r--p 0019a000 08:01 1178459                    /usr/lib/x86_64-linux-gnu/libstdc++.so.6.0.30
7f7224409000-7f7224414000 r--p 00209000 08:01 1178459                    /usr/lib/x86_64-linux-gnu/libstdc++.so.6.0.30
7f7224414000-7f7224417000 rw-p 00214000 08:01 1178459                    /usr/lib/x86_64-linux-gnu/libstdc++.so.6.0.30
7f7224417000-7f722441a000 rw-p 00000000 00:00 0 
7f722443f000-7f7224483000 rw-p 00000000 00:00 0 
7f7224483000-7f722448a000 ---p 00000000 00:00 0 
7f722448a000-7f7224496000 r--p 00000000 08:01 1212661                    /usr/lib/jvm/java-17-openjdk-amd64/lib/libjava.so
7f7224496000-7f72244a7000 r-xp 0000c000 08:01 1212661                    /usr/lib/jvm/java-17-openjdk-amd64/lib/libjava.so
7f72244a7000-7f72244ad000 r--p 0001d000 08:01 1212661                    /usr/lib/jvm/java-17-openjdk-amd64/lib/libjava.so
7f72244ad000-7f72244ae000 r--p 00022000 08:01 1212661                    /usr/lib/jvm/java-17-openjdk-amd64/lib/libjava.so
7f72244ae000-7f72244af000 rw-p 00023000 08:01 1212661                    /usr/lib/jvm/java-17-openjdk-amd64/lib/libjava.so
7f72244af000-7f72244b0000 rw-p 00000000 00:00 0 
7f72244b0000-7f72244b7000 r--p 00000000 08:01 1179183                    /usr/lib/x86_64-linux-gnu/libnss_systemd.so.2
7f72244b7000-7f72244eb000 r-xp 00007000 08:01 1179183                    /usr/lib/x86_64-linux-gnu/libnss_systemd.so.2
7f72244eb000-7f72244fb000 r--p 0003b000 08:01 1179183                    /usr/lib/x86_64-linux-gnu/libnss_systemd.so.2
7f72244fb000-7f72244ff000 r--p 0004b000 08:01 1179183                    /usr/lib/x86_64-linux-gnu/libnss_systemd.so.2
7f72244ff000-7f7224500000 rw-p 0004f000 08:01 1179183                    /usr/lib/x86_64-linux-gnu/libnss_systemd.so.2
7f7224500000-7f7224504000 ---p 00000000 00:00 0 
7f7224504000-7f7224600000 rw-p 00000000 00:00 0 
7f7224600000-7f7224851000 r--p 00000000 08:01 1212690                    /usr/lib/jvm/java-17-openjdk-amd64/lib/server/libjvm.so
7f7224851000-7f72255a2000 r-xp 00251000 08:01 1212690                    /usr/lib/jvm/java-17-openjdk-amd64/lib/server/libjvm.so
7f72255a2000-7f7225824000 r--p 00fa2000 08:01 1212690                    /usr/lib/jvm/java-17-openjdk-amd64/lib/server/libjvm.so
7f7225824000-7f72258dc000 r--p 01223000 08:01 1212690                    /usr/lib/jvm/java-17-openjdk-amd64/lib/server/libjvm.so
7f72258dc000-7f7225911000 rw-p 012db000 08:01 1212690                    /usr/lib/jvm/java-17-openjdk-amd64/lib/server/libjvm.so
7f7225911000-7f722596b000 rw-p 00000000 00:00 0 
7f722596d000-7f722596f000 r--p 00000000 08:01 1196981                    /usr/lib/x86_64-linux-gnu/libnss_sss.so.2
7f722596f000-7f7225976000 r-xp 00002000 08:01 1196981                    /usr/lib/x86_64-linux-gnu/libnss_sss.so.2
7f7225976000-7f7225978000 r--p 00009000 08:01 1196981                    /usr/lib/x86_64-linux-gnu/libnss_sss.so.2
7f7225978000-7f7225979000 r--p 0000a000 08:01 1196981                    /usr/lib/x86_64-linux-gnu/libnss_sss.so.2
7f7225979000-7f722597a000 rw-p 0000b000 08:01 1196981                    /usr/lib/x86_64-linux-gnu/libnss_sss.so.2
7f722597a000-7f722597d000 r--p 00000000 08:01 1178647                    /usr/lib/x86_64-linux-gnu/libcap.so.2.66
7f722597d000-7f7225982000 r-xp 00003000 08:01 1178647                    /usr/lib/x86_64-linux-gnu/libcap.so.2.66
7f7225982000-7f7225984000 r--p 00008000 08:01 1178647                    /usr/lib/x86_64-linux-gnu/libcap.so.2.66
7f7225984000-7f7225985000 r--p 0000a000 08:01 1178647                    /usr/lib/x86_64-linux-gnu/libcap.so.2.66
7f7225985000-7f7225986000 rw-p 0000b000 08:01 1178647                    /usr/lib/x86_64-linux-gnu/libcap.so.2.66
7f722598e000-7f7225996000 rw-s 00000000 08:01 1835290                    /tmp/hsperfdata_ksuthant/2521208
7f7225996000-7f7225999000 r--p 00000000 08:01 1181880                    /usr/lib/x86_64-linux-gnu/libgcc_s.so.1
7f7225999000-7f72259b0000 r-xp 00003000 08:01 1181880                    /usr/lib/x86_64-linux-gnu/libgcc_s.so.1
7f72259b0000-7f72259b4000 r--p 0001a000 08:01 1181880                    /usr/lib/x86_64-linux-gnu/libgcc_s.so.1
7f72259b4000-7f72259b5000 r--p 0001d000 08:01 1181880                    /usr/lib/x86_64-linux-gnu/libgcc_s.so.1
7f72259b5000-7f72259b6000 rw-p 0001e000 08:01 1181880                    /usr/lib/x86_64-linux-gnu/libgcc_s.so.1
7f72259b6000-7f72259c6000 r--p 00000000 08:01 1179610                    /usr/lib/x86_64-linux-gnu/libm.so.6
7f72259c6000-7f7225a3a000 r-xp 00010000 08:01 1179610                    /usr/lib/x86_64-linux-gnu/libm.so.6
7f7225a3a000-7f7225a94000 r--p 00084000 08:01 1179610                    /usr/lib/x86_64-linux-gnu/libm.so.6
7f7225a94000-7f7225a95000 r--p 000dd000 08:01 1179610                    /usr/lib/x86_64-linux-gnu/libm.so.6
7f7225a95000-7f7225a96000 rw-p 000de000 08:01 1179610                    /usr/lib/x86_64-linux-gnu/libm.so.6
7f7225a96000-7f7225a98000 rw-p 00000000 00:00 0 
7f7225a98000-7f7225abe000 r--p 00000000 08:01 1178948                    /usr/lib/x86_64-linux-gnu/libc.so.6
7f7225abe000-7f7225c14000 r-xp 00026000 08:01 1178948                    /usr/lib/x86_64-linux-gnu/libc.so.6
7f7225c14000-7f7225c67000 r--p 0017c000 08:01 1178948                    /usr/lib/x86_64-linux-gnu/libc.so.6
7f7225c67000-7f7225c6b000 r--p 001cf000 08:01 1178948                    /usr/lib/x86_64-linux-gnu/libc.so.6
7f7225c6b000-7f7225c6d000 rw-p 001d3000 08:01 1178948                    /usr/lib/x86_64-linux-gnu/libc.so.6
7f7225c6d000-7f7225c7a000 rw-p 00000000 00:00 0 
7f7225c7a000-7f7225c7c000 r--p 00000000 08:01 1212666                    /usr/lib/jvm/java-17-openjdk-amd64/lib/libjli.so
7f7225c7c000-7f7225c85000 r-xp 00002000 08:01 1212666                    /usr/lib/jvm/java-17-openjdk-amd64/lib/libjli.so
7f7225c85000-7f7225c88000 r--p 0000b000 08:01 1212666                    /usr/lib/jvm/java-17-openjdk-amd64/lib/libjli.so
7f7225c88000-7f7225c89000 r--p 0000d000 08:01 1212666                    /usr/lib/jvm/java-17-openjdk-amd64/lib/libjli.so
7f7225c89000-7f7225c8a000 rw-p 0000e000 08:01 1212666                    /usr/lib/jvm/java-17-openjdk-amd64/lib/libjli.so
7f7225c8a000-7f7225c8d000 r--p 00000000 08:01 1179645                    /usr/lib/x86_64-linux-gnu/libz.so.1.2.13
7f7225c8d000-7f7225ca0000 r-xp 00003000 08:01 1179645                    /usr/lib/x86_64-linux-gnu/libz.so.1.2.13
7f7225ca0000-7f7225ca7000 r--p 00016000 08:01 1179645                    /usr/lib/x86_64-linux-gnu/libz.so.1.2.13
7f7225ca7000-7f7225ca8000 r--p 0001c000 08:01 1179645                    /usr/lib/x86_64-linux-gnu/libz.so.1.2.13
7f7225ca8000-7f7225ca9000 rw-p 0001d000 08:01 1179645                    /usr/lib/x86_64-linux-gnu/libz.so.1.2.13
7f7225cae000-7f7225caf000 ---p 00000000 00:00 0 
7f7225caf000-7f7225cb0000 r--p 00000000 00:00 0 
7f7225cb0000-7f7225cb1000 ---p 00000000 00:00 0 
7f7225cb1000-7f7225cb3000 r--p 00000000 08:01 1212665                    /usr/lib/jvm/java-17-openjdk-amd64/lib/libjimage.so
7f7225cb3000-7f7225cb6000 r-xp 00002000 08:01 1212665                    /usr/lib/jvm/java-17-openjdk-amd64/lib/libjimage.so
7f7225cb6000-7f7225cb7000 r--p 00005000 08:01 1212665                    /usr/lib/jvm/java-17-openjdk-amd64/lib/libjimage.so
7f7225cb7000-7f7225cb8000 r--p 00006000 08:01 1212665                    /usr/lib/jvm/java-17-openjdk-amd64/lib/libjimage.so
7f7225cb8000-7f7225cb9000 rw-p 00007000 08:01 1212665                    /usr/lib/jvm/java-17-openjdk-amd64/lib/libjimage.so
7f7225cb9000-7f7225cbb000 rw-p 00000000 00:00 0 
7f7225cbb000-7f7225cbc000 r--p 00000000 08:01 1178631                    /usr/lib/x86_64-linux-gnu/ld-linux-x86-64.so.2
7f7225cbc000-7f7225ce2000 r-xp 00001000 08:01 1178631                    /usr/lib/x86_64-linux-gnu/ld-linux-x86-64.so.2
7f7225ce2000-7f7225cec000 r--p 00027000 08:01 1178631                    /usr/lib/x86_64-linux-gnu/ld-linux-x86-64.so.2
7f7225cec000-7f7225cee000 r--p 00031000 08:01 1178631                    /usr/lib/x86_64-linux-gnu/ld-linux-x86-64.so.2
7f7225cee000-7f7225cf0000 rw-p 00033000 08:01 1178631                    /usr/lib/x86_64-linux-gnu/ld-linux-x86-64.so.2
7fffb158a000-7fffb15ab000 rw-p 00000000 00:00 0                          [stack]
7fffb15d9000-7fffb15dd000 r--p 00000000 00:00 0                          [vvar]
7fffb15dd000-7fffb15df000 r-xp 00000000 00:00 0                          [vdso]


VM Arguments:
java_command: java-cup-0.11b.jar -parser parser -symbols sym grammar/parser.cup
java_class_path (initial): java-cup-0.11b.jar
Launcher Type: SUN_STANDARD

[Global flags]
     intx CICompilerCount                          = 3                                         {product} {ergonomic}
     uint ConcGCThreads                            = 1                                         {product} {ergonomic}
     uint G1ConcRefinementThreads                  = 4                                         {product} {ergonomic}
   size_t G1HeapRegionSize                         = 4194304                                   {product} {ergonomic}
    uintx GCDrainStackTargetSize                   = 64                                        {product} {ergonomic}
   size_t InitialHeapSize                          = 528482304                                 {product} {ergonomic}
   size_t MarkStackSize                            = 4194304                                   {product} {ergonomic}
   size_t MaxHeapSize                              = 8417968128                                {product} {ergonomic}
   size_t MinHeapDeltaBytes                        = 4194304                                   {product} {ergonomic}
   size_t MinHeapSize                              = 8388608                                   {product} {ergonomic}
    uintx NonNMethodCodeHeapSize                   = 5832780                                {pd product} {ergonomic}
    uintx NonProfiledCodeHeapSize                  = 122912730                              {pd product} {ergonomic}
    uintx ProfiledCodeHeapSize                     = 122912730                              {pd product} {ergonomic}
    uintx ReservedCodeCacheSize                    = 251658240                              {pd product} {ergonomic}
     bool SegmentedCodeCache                       = true                                      {product} {ergonomic}
   size_t SoftMaxHeapSize                          = 8417968128                             {manageable} {ergonomic}
     bool UseCompressedClassPointers               = true                           {product lp64_product} {ergonomic}
     bool UseCompressedOops                        = true                           {product lp64_product} {ergonomic}
     bool UseG1GC                                  = true                                      {product} {ergonomic}

Logging:
Log output configuration:
 #0: stdout all=warning uptime,level,tags
 #1: stderr all=off uptime,level,tags

Environment Variables:
PATH=/home/undergrad/0/ksuthant/.vscode-server/extensions/vadimcn.vscode-lldb-1.12.1/bin:/home/undergrad/0/ksuthant/.vscode-server/cli/servers/Stable-072586267e68ece9a47aa43f8c108e0dcbf44622/server/bin/remote-cli:/usr/local/bin:/usr/bin:/bin:/usr/local/games:/usr/games
SHELL=/bin/bash
LANG=en_CA.UTF-8
TERM=xterm-256color

Active Locale:
LC_ALL=C
LC_COLLATE=C
LC_CTYPE=C
LC_MESSAGES=C
LC_MONETARY=C
LC_NUMERIC=C
LC_TIME=C

Signal Handlers:
   SIGSEGV: crash_handler in libjvm.so, mask=11100100010111111101111111111110, flags=SA_RESTART|SA_SIGINFO, unblocked
    SIGBUS: crash_handler in libjvm.so, mask=11100100010111111101111111111110, flags=SA_RESTART|SA_SIGINFO, unblocked
    SIGFPE: crash_handler in libjvm.so, mask=11100100010111111101111111111110, flags=SA_RESTART|SA_SIGINFO, unblocked
   SIGPIPE: javaSignalHandler in libjvm.so, mask=11100100010111111101111111111110, flags=SA_RESTART|SA_SIGINFO, blocked
   SIGXFSZ: javaSignalHandler in libjvm.so, mask=11100100010111111101111111111110, flags=SA_RESTART|SA_SIGINFO, blocked
    SIGILL: crash_handler in libjvm.so, mask=11100100010111111101111111111110, flags=SA_RESTART|SA_SIGINFO, unblocked
   SIGUSR2: SR_handler in libjvm.so, mask=00000000000000000000000000000000, flags=SA_RESTART|SA_SIGINFO, blocked
    SIGHUP: SIG_DFL, mask=00000000000000000000000000000000, flags=none, blocked
    SIGINT: SIG_DFL, mask=00000000000000000000000000000000, flags=none, blocked
   SIGTERM: SIG_DFL, mask=00000000000000000000000000000000, flags=none, blocked
   SIGQUIT: UserHandler in libjvm.so, mask=11100100010111111101111111111110, flags=SA_RESTART|SA_SIGINFO, blocked
   SIGTRAP: crash_handler in libjvm.so, mask=11100100010111111101111111111110, flags=SA_RESTART|SA_SIGINFO, unblocked


Periodic native trim disabled


---------------  S Y S T E M  ---------------

OS:
PRETTY_NAME="Debian GNU/Linux 12 (bookworm)"
NAME="Debian GNU/Linux"
VERSION_ID="12"
VERSION="12 (bookworm)"
VERSION_CODENAME=bookworm
ID=debian
HOME_URL="https://www.debian.org/"
SUPPORT_URL="https://www.debian.org/support"
BUG_REPORT_URL="https://bugs.debian.org/"
uname: Linux 6.1.0-41-amd64 #1 SMP PREEMPT_DYNAMIC Debian 6.1.158-1 (2025-11-09) x86_64
OS uptime: 88 days 6:19 hours
libc: glibc 2.36 NPTL 2.36 
rlimit (soft/hard): STACK 8192k/infinity , CORE 0k/infinity , NPROC 500/500 , NOFILE 1048576/1048576 , AS infinity/infinity , CPU infinity/infinity , DATA infinity/infinity , FSIZE infinity/infinity , MEMLOCK 4108372k/4108372k
load average: 166.86 54.35 23.45

/proc/meminfo:
MemTotal:       32867000 kB
MemFree:        11855656 kB
MemAvailable:   21961072 kB
Buffers:          147068 kB
Cached:          9342488 kB
SwapCached:       305324 kB
Active:          4844604 kB
Inactive:       14564300 kB
Active(anon):     766468 kB
Inactive(anon):  9153668 kB
Active(file):    4078136 kB
Inactive(file):  5410632 kB
Unevictable:           0 kB
Mlocked:               0 kB
SwapTotal:        998396 kB
SwapFree:          42284 kB
Zswap:                 0 kB
Zswapped:              0 kB
Dirty:               116 kB
Writeback:             0 kB
AnonPages:       9384660 kB
Mapped:          1482644 kB
Shmem:              1192 kB
KReclaimable:    1082240 kB
Slab:            1262712 kB
SReclaimable:    1082240 kB
SUnreclaim:       180472 kB
KernelStack:       29232 kB
PageTables:       161300 kB
SecPageTables:         0 kB
NFS_Unstable:          0 kB
Bounce:                0 kB
WritebackTmp:          0 kB
CommitLimit:    17431896 kB
Committed_AS:   11710000 kB
VmallocTotal:   34359738367 kB
VmallocUsed:       56072 kB
VmallocChunk:          0 kB
Percpu:            12896 kB
HardwareCorrupted:     0 kB
AnonHugePages:   3457024 kB
ShmemHugePages:        0 kB
ShmemPmdMapped:        0 kB
FileHugePages:         0 kB
FilePmdMapped:         0 kB
HugePages_Total:       0
HugePages_Free:        0
HugePages_Rsvd:        0
HugePages_Surp:        0
Hugepagesize:       2048 kB
Hugetlb:               0 kB
DirectMap4k:      145256 kB
DirectMap2M:     7194624 kB
DirectMap1G:    28311552 kB

/sys/kernel/mm/transparent_hugepage/enabled: [always] madvise never
/sys/kernel/mm/transparent_hugepage/hpage_pmd_size: 2097152
/sys/kernel/mm/transparent_hugepage/defrag (defrag/compaction efforts parameter): always defer defer+madvise [madvise] never

Process Memory:
Virtual Size: 9011192K (peak: 9011192K)
Resident Set Size: 19696K (peak: 19696K) (anon: 6100K, file: 13596K, shmem: 0K)
Swapped out: 0K
C-Heap outstanding allocations: 9090K, retained: 137K
glibc malloc tunables: (default)

/proc/sys/kernel/threads-max (system-wide limit on the number of threads): 256370
/proc/sys/vm/max_map_count (maximum number of memory map areas a process may have): 65530
/proc/sys/vm/swappiness (control to define how aggressively the kernel swaps out anonymous memory): 60
/proc/sys/kernel/pid_max (system-wide limit on number of process identifiers): 4194304

container (cgroup) information:
container_type: cgroupv2
cpu_cpuset_cpus: not supported
cpu_memory_nodes: not supported
active_processor_count: 4
cpu_quota: no quota
cpu_period: 100000
cpu_shares: no shares
memory_limit_in_bytes: unlimited
memory_and_swap_limit_in_bytes: unlimited
memory_soft_limit_in_bytes: 0
memory_usage_in_bytes: 1045144 k
memory_max_usage_in_bytes: not supported
rss_usage_in_bytes: 832660 k
cache_usage_in_bytes: 66568 k
memory_swap_current_in_bytes: 54676 k
memory_swap_max_limit_in_bytes: unlimited
maximum number of tasks: unlimited
current number of tasks: 499

KVM virtualization detected
Steal ticks since vm start: 0
Steal ticks percentage since vm start:  0.000

CPU: total 4 (initial active 4) (4 cores per cpu, 1 threads per core) family 6 model 85 stepping 4 microcode 0x2006f05, cx8, cmov, fxsr, mmx, 3dnowpref, sse, sse2, sse3, ssse3, sse4.1, sse4.2, popcnt, lzcnt, tsc, avx, avx2, aes, erms, clmul, bmi1, bmi2, rtm, adx, fma, vzeroupper, clflush, clflushopt, clwb, hv
CPU Model and flags from /proc/cpuinfo:
model name	: Intel(R) Xeon(R) Silver 4114 CPU @ 2.20GHz
flags		: fpu vme de pse tsc msr pae mce cx8 apic sep mtrr pge mca cmov pat pse36 clflush mmx fxsr sse sse2 ss ht syscall nx pdpe1gb rdtscp lm constant_tsc arch_perfmon rep_good nopl xtopology cpuid tsc_known_freq pni pclmulqdq vmx ssse3 fma cx16 pdcm pcid sse4_1 sse4_2 x2apic movbe popcnt tsc_deadline_timer aes xsave avx f16c rdrand hypervisor lahf_lm abm 3dnowprefetch cpuid_fault invpcid_single pti ssbd ibrs ibpb stibp tpr_shadow vnmi flexpriority ept vpid ept_ad fsgsbase tsc_adjust bmi1 hle avx2 smep bmi2 erms invpcid rtm mpx avx512f avx512dq rdseed adx smap clflushopt clwb avx512cd avx512bw avx512vl xsaveopt xsavec xgetbv1 xsaves arat umip pku ospke md_clear flush_l1d arch_capabilities

Online cpus: 0-3
Offline cpus: 
BIOS frequency limitation: <Not Available>
Frequency switch latency (ns): <Not Available>
Available cpu frequencies: <Not Available>
Current governor: <Not Available>
Core performance/turbo boost: <Not Available>

Memory: 4k page, physical 32867000k(11855656k free), swap 998396k(42284k free)
Page Sizes: 4k

vm_info: OpenJDK 64-Bit Server VM (17.0.18+8-Debian-1deb12u1) for linux-amd64 JRE (17.0.18+8-Debian-1deb12u1), built on Jan 22 2026 22:57:47 by "buildd" with gcc 12.2.0

END.
